<?xml version="1.0" encoding="UTF-8"?>
<!-- Generated by org.testng.reporters.JUnitReportReporter -->
<testsuite skipped="0" hostname="MacBook-Pro.local" name="com.ace.testcases.LoginTest" tests="1" failures="0" timestamp="2020-09-07T22:33:52 PDT" time="6.025" errors="0">
  <testcase name="testCase1" time="6.025" classname="com.ace.testcases.LoginTest"/>
</testsuite> <!-- com.ace.testcases.LoginTest -->
