<?xml version="1.0" encoding="UTF-8"?>
<!-- Generated by org.testng.reporters.JUnitReportReporter -->
<testsuite skipped="0" hostname="MacBook-Pro.local" name="com.ace.suite.testcase.manager.AssignInspectorTest" tests="1" failures="0" timestamp="2020-09-14T21:56:03 PDT" time="5.986" errors="0">
  <testcase name="asignInspectorTest" time="5.986" classname="com.ace.suite.testcase.manager.AssignInspectorTest"/>
</testsuite> <!-- com.ace.suite.testcase.manager.AssignInspectorTest -->
