<?xml version="1.0" encoding="UTF-8"?>
<!-- Generated by org.testng.reporters.JUnitReportReporter -->
<testsuite skipped="0" hostname="MacBook-Pro.local" name="com.ace.suite.testcase.manager.UpdateInspectionTest" tests="1" failures="0" timestamp="2020-09-17T15:44:35 PDT" time="6.125" errors="0">
  <testcase name="updateInspectionTest" time="6.125" classname="com.ace.suite.testcase.manager.UpdateInspectionTest"/>
</testsuite> <!-- com.ace.suite.testcase.manager.UpdateInspectionTest -->
