<?xml version="1.0" encoding="UTF-8"?>
<!-- Generated by org.testng.reporters.JUnitReportReporter -->
<testsuite skipped="0" hostname="MacBook-Pro.local" name="com.ace.suite.testcase.manager.AttachReportTest" tests="1" failures="0" timestamp="2020-09-17T15:44:35 PDT" time="6.913" errors="0">
  <testcase name="attachReportTest" time="6.913" classname="com.ace.suite.testcase.manager.AttachReportTest"/>
</testsuite> <!-- com.ace.suite.testcase.manager.AttachReportTest -->
