<?xml version="1.0" encoding="UTF-8"?>
<!-- Generated by org.testng.reporters.JUnitReportReporter -->
<testsuite skipped="0" hostname="MacBook-Pro.local" name="com.ace.suite.testcase.manager.UpdatePropertyTest" tests="2" failures="0" timestamp="2020-09-13T17:11:56 PDT" time="12.362" errors="0">
  <testcase name="updateProertyTest" time="6.943" classname="com.ace.suite.testcase.manager.UpdatePropertyTest"/>
  <testcase name="updateProertyTest" time="5.419" classname="com.ace.suite.testcase.manager.UpdatePropertyTest"/>
</testsuite> <!-- com.ace.suite.testcase.manager.UpdatePropertyTest -->
