<?xml version="1.0" encoding="UTF-8"?>
<!-- Generated by org.testng.reporters.JUnitReportReporter -->
<testsuite skipped="1" hostname="MacBook-Pro.local" name="com.ace.testcases.LoginTest" tests="3" failures="0" timestamp="2020-09-11T23:26:42 PDT" time="28.925" errors="0">
  <testcase name="loginTest" time="5.133" classname="com.ace.testcases.LoginTest"/>
  <testcase name="loginTest" time="23.783" classname="com.ace.testcases.LoginTest"/>
  <testcase name="loginTest" time="0.009" classname="com.ace.testcases.LoginTest">
    <skipped/>
  </testcase> <!-- loginTest -->
</testsuite> <!-- com.ace.testcases.LoginTest -->
