<?xml version="1.0" encoding="UTF-8"?>
<!-- Generated by org.testng.reporters.JUnitReportReporter -->
<testsuite skipped="0" hostname="MacBook-Pro.local" name="com.ace.testcases.LoginTest" tests="2" failures="0" timestamp="2020-09-17T15:44:35 PDT" time="28.968" errors="0">
  <testcase name="loginTest" time="23.122" classname="com.ace.testcases.LoginTest"/>
  <testcase name="loginTest" time="5.846" classname="com.ace.testcases.LoginTest"/>
</testsuite> <!-- com.ace.testcases.LoginTest -->
