<?xml version="1.0" encoding="UTF-8"?>
<!-- Generated by org.testng.reporters.JUnitReportReporter -->
<testsuite skipped="0" hostname="MacBook-Pro.local" name="com.ace.suite.testcase.manager.CreatePropertyTest" tests="1" failures="0" timestamp="2020-09-17T15:44:35 PDT" time="5.678" errors="0">
  <testcase name="createProertyTest" time="5.678" classname="com.ace.suite.testcase.manager.CreatePropertyTest"/>
</testsuite> <!-- com.ace.suite.testcase.manager.CreatePropertyTest -->
